<?xml version="1.0" encoding="utf-8"?><testsuites><testsuite name="pytest" errors="0" failures="3" skipped="1" tests="5" time="0.296" timestamp="2022-03-29T17:54:28.676498" hostname="LAPTOP-F6AKMO1O"><testcase classname="test_Excercise" name="test_prime[23-True]" time="0.004" /><testcase classname="test_Excercise" name="test_prime[25-False]" time="0.002"><failure message="assert False == True">num = 25, output = False

    @pytest.mark.parametrize("num,output",[(23,True),(25,False)])
    def test_prime(num,output):
        #x=23
        res=Excercise.prime(num)
&gt;       assert res==True
E       assert False == True

test_Excercise.py:8: AssertionError</failure></testcase><testcase classname="test_Excercise" name="test_notPrime" time="0.001"><skipped type="pytest.skip" message="unconditional skip">C:\Users\sukal\PycharmProjects\pythonPyTestClassExcercise\test_Excercise.py:10: unconditional skip</skipped></testcase><testcase classname="test_Excercise" name="test_palinderom[12321-True]" time="0.002"><failure message="TypeError: 'int' object is not subscriptable">num = 12321, output = True

    @pytest.mark.parametrize("num,output",[(12321,True),(21355,False)])
    def test_palinderom(num,output):
        #x=12321
&gt;       res=Excercise.Palindrome(num)

test_Excercise.py:20: 
_ _ _ _ _ _ _ _ _ _ _ _ _ _ _ _ _ _ _ _ _ _ _ _ _ _ _ _ _ _ _ _ _ _ _ _ _ _ _ _ _ _ _ _ _ _ _ _ _ _ _ _ _ _ _ _ _ _ _ _ _ _ _ _ _ _ _ _ _ _ _ _ _ _ _ _ _ _ _ _ _ _ _ _ _ _ _ _ _ _ _ _ _ 

s = 12321

    def Palindrome(s):
&gt;       if s == s[::-1]:
E       TypeError: 'int' object is not subscriptable

Excercise.py:9: TypeError</failure></testcase><testcase classname="test_Excercise" name="test_palinderom[21355-False]" time="0.004"><failure message="TypeError: 'int' object is not subscriptable">num = 21355, output = False

    @pytest.mark.parametrize("num,output",[(12321,True),(21355,False)])
    def test_palinderom(num,output):
        #x=12321
&gt;       res=Excercise.Palindrome(num)

test_Excercise.py:20: 
_ _ _ _ _ _ _ _ _ _ _ _ _ _ _ _ _ _ _ _ _ _ _ _ _ _ _ _ _ _ _ _ _ _ _ _ _ _ _ _ _ _ _ _ _ _ _ _ _ _ _ _ _ _ _ _ _ _ _ _ _ _ _ _ _ _ _ _ _ _ _ _ _ _ _ _ _ _ _ _ _ _ _ _ _ _ _ _ _ _ _ _ _ 

s = 21355

    def Palindrome(s):
&gt;       if s == s[::-1]:
E       TypeError: 'int' object is not subscriptable

Excercise.py:9: TypeError</failure></testcase></testsuite></testsuites>